<?xml version="1.0" encoding="UTF-8"?>
<!-- Generated by org.testng.reporters.JUnitReportReporter -->
<testsuite hostname="DESKTOP-8EAOHAG" failures="0" tests="2" name="tests.TextBoxTest" time="28.217" errors="0" timestamp="2023-05-24T06:14:06 ICT" skipped="0">
  <testcase classname="tests.TextBoxTest" name="submitSuccessfully" time="15.724"/>
  <system-out/>
  <testcase classname="tests.TextBoxTest" name="submitFail" time="12.493"/>
  <system-out/>
</testsuite> <!-- tests.TextBoxTest -->
