<?xml version="1.0" encoding="UTF-8"?>
<!-- Generated by org.testng.reporters.JUnitReportReporter -->
<testsuite hostname="DESKTOP-8EAOHAG" failures="0" tests="2" name="tests.WebTableTest" time="5.946" errors="0" timestamp="2023-05-05T07:34:24 ICT" skipped="0">
  <testcase classname="tests.WebTableTest" name="submitSuccessfully" time="0.570"/>
  <system-out/>
  <testcase classname="tests.WebTableTest" name="submitFail" time="5.376"/>
  <system-out/>
</testsuite> <!-- tests.WebTableTest -->
