<?xml version="1.0" encoding="UTF-8"?>
<!-- Generated by org.testng.reporters.JUnitReportReporter -->
<testsuite hostname="DESKTOP-8EAOHAG" failures="0" tests="1" name="tests.T22CheckBoxTest" time="8.705" errors="0" timestamp="2023-05-13T17:30:37 ICT" skipped="0">
  <testcase classname="tests.T22CheckBoxTest" name="vertifyCheckBox" time="8.705"/>
  <system-out/>
</testsuite> <!-- tests.T22CheckBoxTest -->
