<?xml version="1.0" encoding="UTF-8"?>
<!-- Generated by org.testng.reporters.JUnitReportReporter -->
<testsuite hostname="DESKTOP-8EAOHAG" failures="0" tests="2" name="tests.WebTableTest" time="1.530" errors="0" timestamp="2023-05-08T09:11:29 ICT" skipped="0">
  <testcase classname="tests.WebTableTest" name="submitSuccessfully" time="0.247"/>
  <system-out/>
  <testcase classname="tests.WebTableTest" name="submitFail" time="1.283"/>
  <system-out/>
</testsuite> <!-- tests.WebTableTest -->
