<?xml version="1.0" encoding="UTF-8"?>
<!-- Generated by org.testng.reporters.JUnitReportReporter -->
<testsuite hostname="DESKTOP-8EAOHAG" failures="0" tests="2" name="tests.PracticeFormTest" time="12.537" errors="0" timestamp="2023-05-03T09:18:11 ICT" skipped="0">
  <testcase classname="tests.PracticeFormTest" name="submitSuccessfully" time="5.617"/>
  <system-out/>
  <testcase classname="tests.PracticeFormTest" name="submitFail" time="6.920"/>
  <system-out/>
</testsuite> <!-- tests.PracticeFormTest -->
