<?xml version="1.0" encoding="UTF-8"?>
<!-- Generated by org.testng.reporters.JUnitReportReporter -->
<testsuite hostname="DESKTOP-8EAOHAG" failures="0" tests="2" name="tests.WebTableTest" time="21.968" errors="0" timestamp="2023-05-14T22:09:23 ICT" skipped="0">
  <testcase classname="tests.WebTableTest" name="submitSuccessfully" time="11.021"/>
  <system-out/>
  <testcase classname="tests.WebTableTest" name="submitFail" time="10.947"/>
  <system-out/>
</testsuite> <!-- tests.WebTableTest -->
