<?xml version="1.0" encoding="UTF-8"?>
<!-- Generated by org.testng.reporters.JUnitReportReporter -->
<testsuite hostname="DESKTOP-8EAOHAG" failures="0" tests="1" name="tests.CheckBoxTest" time="10.565" errors="0" timestamp="2023-05-24T06:00:36 ICT" skipped="0">
  <testcase classname="tests.CheckBoxTest" name="vertifyCheckBox" time="10.565"/>
  <system-out/>
</testsuite> <!-- tests.CheckBoxTest -->
