<?xml version="1.0" encoding="UTF-8"?>
<!-- Generated by org.testng.reporters.JUnitReportReporter -->
<testsuite hostname="DESKTOP-8EAOHAG" failures="0" tests="2" name="tests.WebTableTest" time="28.176" errors="0" timestamp="2023-05-23T22:05:12 ICT" skipped="0">
  <testcase classname="tests.WebTableTest" name="submitSuccessfully" time="14.341"/>
  <system-out/>
  <testcase classname="tests.WebTableTest" name="submitFail" time="13.835"/>
  <system-out/>
</testsuite> <!-- tests.WebTableTest -->
