<?xml version="1.0" encoding="UTF-8"?>
<!-- Generated by org.testng.reporters.JUnitReportReporter -->
<testsuite hostname="DESKTOP-8EAOHAG" failures="0" tests="2" name="tests.TextBoxTest" time="1.411" errors="0" timestamp="2023-05-08T16:05:49 ICT" skipped="0">
  <testcase classname="tests.TextBoxTest" name="submitSuccessfully" time="0.813"/>
  <system-out/>
  <testcase classname="tests.TextBoxTest" name="submitFail" time="0.598"/>
  <system-out/>
</testsuite> <!-- tests.TextBoxTest -->
