<?xml version="1.0" encoding="UTF-8"?>
<!-- Generated by org.testng.reporters.JUnitReportReporter -->
<testsuite hostname="DESKTOP-8EAOHAG" failures="0" tests="2" name="tests.PracticeFormTest" time="6.378" errors="0" timestamp="2023-05-08T11:19:55 ICT" skipped="0">
  <testcase classname="tests.PracticeFormTest" name="submitSuccessfully" time="2.354"/>
  <system-out/>
  <testcase classname="tests.PracticeFormTest" name="submitFail" time="4.024"/>
  <system-out/>
</testsuite> <!-- tests.PracticeFormTest -->
