<?xml version="1.0" encoding="UTF-8"?>
<!-- Generated by org.testng.reporters.JUnitReportReporter -->
<testsuite hostname="DESKTOP-8EAOHAG" failures="0" tests="2" name="tests.TextBoxTest" time="2.237" errors="0" timestamp="2023-05-08T07:30:07 ICT" skipped="0">
  <testcase classname="tests.TextBoxTest" name="submitSuccessfully" time="1.436"/>
  <system-out/>
  <testcase classname="tests.TextBoxTest" name="submitFail" time="0.801"/>
  <system-out/>
</testsuite> <!-- tests.TextBoxTest -->
